[github.com/flipped-aurora/gin-vue-admin/server]2025-03-02 00:10:21.182	[31merror[0m	/data/hejiawen/projects/band-go/server/core/server.go:54	net.Listen error: listen tcp :8888: bind: address already in use
[github.com/flipped-aurora/gin-vue-admin/server]2025-03-02 00:11:54.310	[31merror[0m	/data/hejiawen/projects/band-go/server/core/server.go:54	accept tcp [::]:8888: use of closed network connection
[github.com/flipped-aurora/gin-vue-admin/server]2025-03-02 02:21:38.968	[31merror[0m	/data/hejiawen/projects/band-go/server/core/server.go:54	accept tcp [::]:8888: use of closed network connection
[github.com/flipped-aurora/gin-vue-admin/server]2025-03-02 04:41:56.729	[31merror[0m	/data/hejiawen/projects/band-go/server/core/server.go:54	accept tcp [::]:8888: use of closed network connection
[github.com/flipped-aurora/gin-vue-admin/server]2025-03-02 04:51:19.893	[31merror[0m	/data/hejiawen/projects/band-go/server/core/server.go:54	accept tcp [::]:8888: use of closed network connection
[github.com/flipped-aurora/gin-vue-admin/server]2025-03-02 04:52:09.112	[31merror[0m	/data/hejiawen/projects/band-go/server/utils/claims.go:49	é‡æ–°å†™å…¥cookie tokenå¤±è´¥,æœªèƒ½æˆåŠŸè§£ætoken,è¯·æ£€æŸ¥è¯·æ±‚å¤´æ˜¯å¦å­˜åœ¨x-tokenä¸”claimsæ˜¯å¦ä¸ºè§„å®šç»“æ„
[github.com/flipped-aurora/gin-vue-admin/server]2025-03-02 04:55:33.440	[31merror[0m	/data/hejiawen/projects/band-go/server/core/server.go:54	accept tcp [::]:8888: use of closed network connection
[github.com/flipped-aurora/gin-vue-admin/server]2025-03-02 05:04:17.270	[31merror[0m	/data/hejiawen/projects/band-go/server/core/server.go:54	accept tcp [::]:8888: use of closed network connection
[github.com/flipped-aurora/gin-vue-admin/server]2025-03-02 11:28:46.731	[31merror[0m	/data/hejiawen/projects/band-go/server/utils/claims.go:49	é‡æ–°å†™å…¥cookie tokenå¤±è´¥,æœªèƒ½æˆåŠŸè§£ætoken,è¯·æ£€æŸ¥è¯·æ±‚å¤´æ˜¯å¦å­˜åœ¨x-tokenä¸”claimsæ˜¯å¦ä¸ºè§„å®šç»“æ„
[github.com/flipped-aurora/gin-vue-admin/server]2025-03-02 11:34:58.837	[31merror[0m	/data/hejiawen/projects/band-go/server/api/v1/system/sys_initdb.go:34	è‡ªåŠ¨åˆ›å»ºæ•°æ®åº“å¤±è´¥!	{"error": "dial tcp: lookup tcp/string: unknown port"}
[github.com/flipped-aurora/gin-vue-admin/server]2025-03-02 11:39:09.389	[31merror[0m	/data/hejiawen/projects/band-go/server/api/v1/system/sys_initdb.go:29	å‚æ•°æ ¡éªŒä¸é€šè¿‡!	{"error": "invalid character '}' looking for beginning of object key string"}
[github.com/flipped-aurora/gin-vue-admin/server]2025-03-02 11:47:21.906	[31merror[0m	/data/hejiawen/projects/band-go/server/api/v1/system/sys_initdb.go:23	å·²å­˜åœ¨æ•°æ®åº“é…ç½®!
[github.com/flipped-aurora/gin-vue-admin/server]2025-03-02 11:49:17.228	[31merror[0m	/data/hejiawen/projects/band-go/server/api/v1/bandgo/band_user.go:40	æ³¨å†Œå¤±è´¥!	{"error": "ç”¨æˆ·åå·²å­˜åœ¨"}
[github.com/flipped-aurora/gin-vue-admin/server]2025-03-02 11:49:31.313	[31merror[0m	/data/hejiawen/projects/band-go/server/api/v1/bandgo/band_user.go:40	æ³¨å†Œå¤±è´¥!	{"error": "ç”¨æˆ·åå·²å­˜åœ¨"}
[github.com/flipped-aurora/gin-vue-admin/server]2025-03-02 11:50:47.475	[31merror[0m	/data/hejiawen/projects/band-go/server/api/v1/system/sys_initdb.go:23	å·²å­˜åœ¨æ•°æ®åº“é…ç½®!
[github.com/flipped-aurora/gin-vue-admin/server]2025-03-02 11:50:56.419	[31merror[0m	/data/hejiawen/projects/band-go/server/core/server.go:54	accept tcp [::]:8888: use of closed network connection
[github.com/flipped-aurora/gin-vue-admin/server]2025-03-02 19:21:17.288	[31merror[0m	/data/hejiawen/projects/band-go/server/core/server.go:54	accept tcp [::]:8888: use of closed network connection
[github.com/flipped-aurora/gin-vue-admin/server]2025-03-02 20:04:32.504	[31merror[0m	/data/hejiawen/projects/band-go/server/api/v1/system/sys_initdb.go:23	å·²å­˜åœ¨æ•°æ®åº“é…ç½®!
[github.com/flipped-aurora/gin-vue-admin/server]2025-03-02 20:04:36.207	[31merror[0m	/data/hejiawen/projects/band-go/server/core/server.go:54	accept tcp [::]:8888: use of closed network connection
[github.com/flipped-aurora/gin-vue-admin/server]2025-03-02 22:37:38.111	[31merror[0m	/data/hejiawen/projects/band-go/server/core/server.go:54	accept tcp [::]:8888: use of closed network connection
[github.com/flipped-aurora/gin-vue-admin/server]2025-03-02 22:48:11.475	[31merror[0m	/data/hejiawen/projects/band-go/server/core/server.go:54	accept tcp [::]:8888: use of closed network connection
[github.com/flipped-aurora/gin-vue-admin/server]2025-03-02 22:52:46.694	[31merror[0m	/data/hejiawen/projects/band-go/server/core/server.go:54	accept tcp [::]:8888: use of closed network connection
[github.com/flipped-aurora/gin-vue-admin/server]2025-03-02 22:52:59.509	[31merror[0m	/data/hejiawen/projects/band-go/server/api/v1/system/sys_initdb.go:23	å·²å­˜åœ¨æ•°æ®åº“é…ç½®!
[github.com/flipped-aurora/gin-vue-admin/server]2025-03-02 22:53:20.015	[31merror[0m	/data/hejiawen/projects/band-go/server/core/server.go:54	accept tcp [::]:8888: use of closed network connection
[github.com/flipped-aurora/gin-vue-admin/server]2025-03-02 22:58:33.048	[31merror[0m	/data/hejiawen/projects/band-go/server/core/server.go:54	accept tcp [::]:8888: use of closed network connection
[github.com/flipped-aurora/gin-vue-admin/server]2025-03-02 23:07:28.980	[31merror[0m	/data/hejiawen/projects/band-go/server/api/v1/bandgo/band_user.go:40	æ³¨å†Œå¤±è´¥!	{"error": "ç”¨æˆ·åå·²å­˜åœ¨"}
[github.com/flipped-aurora/gin-vue-admin/server]2025-03-02 23:07:50.706	[31merror[0m	/data/hejiawen/projects/band-go/server/api/v1/bandgo/band_user.go:40	æ³¨å†Œå¤±è´¥!	{"error": "é‚®ç®±å·²è¢«ä½¿ç”¨"}
[github.com/flipped-aurora/gin-vue-admin/server]2025-03-02 23:08:45.189	[31merror[0m	/data/hejiawen/projects/band-go/server/core/server.go:54	accept tcp [::]:8888: use of closed network connection
[github.com/flipped-aurora/gin-vue-admin/server]2025-03-02 23:26:08.250	[31merror[0m	/data/hejiawen/projects/band-go/server/core/server.go:54	accept tcp [::]:8888: use of closed network connection
