[github.com/flipped-aurora/gin-vue-admin/server]2025-03-04 11:41:01.831	[31merror[0m	/data/hejiawen/projects/band-go/server/core/server.go:54	accept tcp [::]:8888: use of closed network connection
[github.com/flipped-aurora/gin-vue-admin/server]2025-03-04 11:52:30.422	[31merror[0m	/data/hejiawen/projects/band-go/server/core/server.go:54	accept tcp [::]:8888: use of closed network connection
[github.com/flipped-aurora/gin-vue-admin/server]2025-03-04 11:52:50.694	[31merror[0m	/data/hejiawen/projects/band-go/server/core/server.go:54	accept tcp [::]:8888: use of closed network connection
[github.com/flipped-aurora/gin-vue-admin/server]2025-03-04 11:57:14.339	[31merror[0m	/data/hejiawen/projects/band-go/server/core/server.go:54	accept tcp [::]:8888: use of closed network connection
[github.com/flipped-aurora/gin-vue-admin/server]2025-03-04 12:00:11.011	[31merror[0m	/data/hejiawen/projects/band-go/server/core/server.go:54	accept tcp [::]:8888: use of closed network connection
[github.com/flipped-aurora/gin-vue-admin/server]2025-03-04 12:02:24.897	[31merror[0m	/data/hejiawen/projects/band-go/server/core/server.go:54	accept tcp [::]:8888: use of closed network connection
[github.com/flipped-aurora/gin-vue-admin/server]2025-03-04 14:39:17.378	[31merror[0m	/data/hejiawen/projects/band-go/server/core/server.go:54	accept tcp [::]:8888: use of closed network connection
[github.com/flipped-aurora/gin-vue-admin/server]2025-03-04 14:49:43.152	[31merror[0m	/data/hejiawen/projects/band-go/server/core/server.go:54	accept tcp [::]:8888: use of closed network connection
[github.com/flipped-aurora/gin-vue-admin/server]2025-03-04 15:19:09.354	[31merror[0m	/data/hejiawen/projects/band-go/server/core/server.go:54	accept tcp [::]:8888: use of closed network connection
[github.com/flipped-aurora/gin-vue-admin/server]2025-03-04 15:20:14.534	[31merror[0m	/data/hejiawen/projects/band-go/server/api/v1/bandgo/band_base.go:56	è·å–jsapi_ticketå¤±è´¥!	{"error": "å¾®ä¿¡é…ç½®ç¼ºå¤±ï¼Œè¯·æ£€æŸ¥é…ç½®"}
[github.com/flipped-aurora/gin-vue-admin/server]2025-03-04 15:21:52.634	[31merror[0m	/data/hejiawen/projects/band-go/server/core/server.go:54	accept tcp [::]:8888: use of closed network connection
[github.com/flipped-aurora/gin-vue-admin/server]2025-03-04 15:22:36.476	[31merror[0m	/data/hejiawen/projects/band-go/server/api/v1/bandgo/band_base.go:56	è·å–jsapi_ticketå¤±è´¥!	{"error": "å¾®ä¿¡é…ç½®ç¼ºå¤±ï¼Œè¯·æ£€æŸ¥é…ç½®"}
[github.com/flipped-aurora/gin-vue-admin/server]2025-03-04 15:26:32.915	[31merror[0m	/data/hejiawen/projects/band-go/server/core/server.go:54	accept tcp [::]:8888: use of closed network connection
[github.com/flipped-aurora/gin-vue-admin/server]2025-03-04 15:26:49.064	[31merror[0m	/data/hejiawen/projects/band-go/server/api/v1/bandgo/band_base.go:56	è·å–api_ticketå¤±è´¥!	{"error": "å¾®ä¿¡é…ç½®ç¼ºå¤±ï¼Œè¯·æ£€æŸ¥é…ç½®"}
[github.com/flipped-aurora/gin-vue-admin/server]2025-03-04 15:30:27.391	[31merror[0m	/data/hejiawen/projects/band-go/server/core/server.go:54	accept tcp [::]:8888: use of closed network connection
[github.com/flipped-aurora/gin-vue-admin/server]2025-03-04 15:30:42.052	[31merror[0m	/data/hejiawen/projects/band-go/server/api/v1/bandgo/band_base.go:56	è·å–api_ticketå¤±è´¥!	{"error": "è·å–access_tokenå¤±è´¥: invalid appid rid: 67c6ac22-5f7e14a4-3bf9c479"}
[github.com/flipped-aurora/gin-vue-admin/server]2025-03-04 15:36:24.756	[31merror[0m	/data/hejiawen/projects/band-go/server/core/server.go:54	accept tcp [::]:8888: use of closed network connection
[github.com/flipped-aurora/gin-vue-admin/server]2025-03-04 15:37:27.418	[31merror[0m	/data/hejiawen/projects/band-go/server/api/v1/bandgo/band_base.go:56	è·å–api_ticketå¤±è´¥!	{"error": "è·å–access_tokenå¤±è´¥: invalid appid rid: 67c6adb7-2fa613e5-75e16f8a"}
[github.com/flipped-aurora/gin-vue-admin/server]2025-03-04 15:38:02.714	[31merror[0m	/data/hejiawen/projects/band-go/server/core/server.go:54	accept tcp [::]:8888: use of closed network connection
[github.com/flipped-aurora/gin-vue-admin/server]2025-03-04 15:38:19.232	[31merror[0m	/data/hejiawen/projects/band-go/server/api/v1/bandgo/band_base.go:56	è·å–api_ticketå¤±è´¥!	{"error": "è·å–access_tokenå¤±è´¥: invalid appid rid: 67c6adeb-57732843-0f787607"}
[github.com/flipped-aurora/gin-vue-admin/server]2025-03-04 15:38:43.695	[31merror[0m	/data/hejiawen/projects/band-go/server/core/server.go:54	accept tcp [::]:8888: use of closed network connection
[github.com/flipped-aurora/gin-vue-admin/server]2025-03-04 15:44:38.411	[31merror[0m	/data/hejiawen/projects/band-go/server/core/server.go:54	accept tcp [::]:8888: use of closed network connection
[github.com/flipped-aurora/gin-vue-admin/server]2025-03-04 15:52:03.704	[31merror[0m	/data/hejiawen/projects/band-go/server/api/v1/bandgo/band_base.go:56	è·å–api_ticketå¤±è´¥!	{"error": "è·å–access_tokenå¤±è´¥: invalid appid rid: 67c6b123-622019fe-5d68f1c5"}
[github.com/flipped-aurora/gin-vue-admin/server]2025-03-04 15:53:59.663	[31merror[0m	/data/hejiawen/projects/band-go/server/api/v1/bandgo/band_base.go:56	è·å–api_ticketå¤±è´¥!	{"error": "è·å–access_tokenå¤±è´¥: invalid appid rid: 67c6b197-2151efb6-7a89a616"}
[github.com/flipped-aurora/gin-vue-admin/server]2025-03-04 15:59:21.859	[31merror[0m	/data/hejiawen/projects/band-go/server/core/server.go:54	accept tcp [::]:8888: use of closed network connection
[github.com/flipped-aurora/gin-vue-admin/server]2025-03-04 16:07:47.266	[31merror[0m	/data/hejiawen/projects/band-go/server/core/server.go:54	accept tcp [::]:8888: use of closed network connection
[github.com/flipped-aurora/gin-vue-admin/server]2025-03-04 16:12:02.154	[31merror[0m	/data/hejiawen/projects/band-go/server/core/server.go:54	accept tcp [::]:8888: use of closed network connection
[github.com/flipped-aurora/gin-vue-admin/server]2025-03-04 16:55:13.347	[31merror[0m	/data/hejiawen/projects/band-go/server/core/server.go:54	accept tcp [::]:8888: use of closed network connection
[github.com/flipped-aurora/gin-vue-admin/server]2025-03-04 16:59:33.046	[31merror[0m	/data/hejiawen/projects/band-go/server/api/v1/bandgo/band_base.go:56	è·å–api_ticketå¤±è´¥!	{"error": "è·å–access_tokenå¤±è´¥: invalid grant_type rid: 67c6c0f4-1a060e7c-735ac41b"}
[github.com/flipped-aurora/gin-vue-admin/server]2025-03-04 17:04:25.623	[31merror[0m	/data/hejiawen/projects/band-go/server/core/server.go:54	accept tcp [::]:8888: use of closed network connection
[github.com/flipped-aurora/gin-vue-admin/server]2025-03-04 17:04:44.185	[31merror[0m	/data/hejiawen/projects/band-go/server/api/v1/bandgo/band_base.go:56	è·å–api_ticketå¤±è´¥!	{"error": "è·å–access_tokenå¤±è´¥: invalid grant_type rid: 67c6c22c-06b0def0-46da7ef8"}
[github.com/flipped-aurora/gin-vue-admin/server]2025-03-04 17:05:50.468	[31merror[0m	/data/hejiawen/projects/band-go/server/core/server.go:54	accept tcp [::]:8888: use of closed network connection
[github.com/flipped-aurora/gin-vue-admin/server]2025-03-04 17:18:33.838	[31merror[0m	/data/hejiawen/projects/band-go/server/core/server.go:54	accept tcp [::]:8888: use of closed network connection
[github.com/flipped-aurora/gin-vue-admin/server]2025-03-04 20:38:26.014	[31merror[0m	/data/hejiawen/projects/band-go/server/core/server.go:54	net.Listen error: listen tcp :8888: bind: address already in use
[github.com/flipped-aurora/gin-vue-admin/server]2025-03-04 20:39:05.834	[31merror[0m	/data/hejiawen/projects/band-go/server/core/server.go:54	net.Listen error: listen tcp :8888: bind: address already in use
[github.com/flipped-aurora/gin-vue-admin/server]2025-03-04 20:39:33.830	[31merror[0m	/data/hejiawen/projects/band-go/server/core/server.go:54	accept tcp [::]:8888: use of closed network connection
[github.com/flipped-aurora/gin-vue-admin/server]2025-03-04 20:40:08.430	[31merror[0m	/data/hejiawen/projects/band-go/server/api/v1/bandgo/band_base.go:56	è·å–api_ticketå¤±è´¥!	{"error": "è·å–access_tokenå¤±è´¥: missing code, rid: 67c6f4a8-162df7d0-1df5d632"}
[github.com/flipped-aurora/gin-vue-admin/server]2025-03-04 20:46:20.181	[31merror[0m	/data/hejiawen/projects/band-go/server/core/server.go:54	accept tcp [::]:8888: use of closed network connection
[github.com/flipped-aurora/gin-vue-admin/server]2025-03-04 20:46:51.394	[31merror[0m	/data/hejiawen/projects/band-go/server/api/v1/bandgo/band_base.go:56	è·å–api_ticketå¤±è´¥!	{"error": "è·å–access_tokenå¤±è´¥: missing code, rid: 67c6f63b-3dc775ce-04b21fdc"}
[github.com/flipped-aurora/gin-vue-admin/server]2025-03-04 20:49:12.278	[31merror[0m	/data/hejiawen/projects/band-go/server/api/v1/bandgo/band_base.go:56	è·å–api_ticketå¤±è´¥!	{"error": "è·å–access_tokenå¤±è´¥: missing code, rid: 67c6f6c8-4a9cb048-7172ad85"}
[github.com/flipped-aurora/gin-vue-admin/server]2025-03-04 20:49:57.832	[31merror[0m	/data/hejiawen/projects/band-go/server/core/server.go:54	accept tcp [::]:8888: use of closed network connection
[github.com/flipped-aurora/gin-vue-admin/server]2025-03-04 20:50:09.242	[31merror[0m	/data/hejiawen/projects/band-go/server/api/v1/bandgo/band_base.go:56	è·å–api_ticketå¤±è´¥!	{"error": "è·å–access_tokenå¤±è´¥: missing code, rid: 67c6f701-2d308118-29a79a5c"}
[github.com/flipped-aurora/gin-vue-admin/server]2025-03-04 20:51:07.791	[31merror[0m	/data/hejiawen/projects/band-go/server/core/server.go:54	accept tcp [::]:8888: use of closed network connection
[github.com/flipped-aurora/gin-vue-admin/server]2025-03-04 21:15:17.754	[31merror[0m	/data/hejiawen/projects/band-go/server/core/server.go:54	net.Listen error: listen tcp :8888: bind: address already in use
[github.com/flipped-aurora/gin-vue-admin/server]2025-03-04 21:15:52.481	[31merror[0m	/data/hejiawen/projects/band-go/server/core/server.go:54	accept tcp [::]:8888: use of closed network connection
[github.com/flipped-aurora/gin-vue-admin/server]2025-03-04 21:28:54.519	[31merror[0m	/data/hejiawen/projects/band-go/server/core/server.go:54	accept tcp [::]:8888: use of closed network connection
[github.com/flipped-aurora/gin-vue-admin/server]2025-03-04 21:35:27.556	[31merror[0m	/data/hejiawen/projects/band-go/server/core/server.go:54	accept tcp [::]:8888: use of closed network connection
